#
# There is insufficient memory for the Java Runtime Environment to continue.
# Native memory allocation (mmap) failed to map 266338304 bytes. Error detail: G1 virtual space
# Possible reasons:
#   The system is out of physical RAM or swap space
#   This process is running with CompressedOops enabled, and the Java Heap may be blocking the growth of the native heap
# Possible solutions:
#   Reduce memory load on the system
#   Increase physical memory or swap space
#   Check if swap backing store is full
#   Decrease Java heap size (-Xmx/-Xms)
#   Decrease number of Java threads
#   Decrease Java thread stack sizes (-Xss)
#   Set larger code cache with -XX:ReservedCodeCacheSize=
#   JVM is running with Zero Based Compressed Oops mode in which the Java heap is
#     placed in the first 32GB address space. The Java Heap base address is the
#     maximum limit for the native heap growth. Please use -XX:HeapBaseMinAddress
#     to set the Java Heap base and to place the Java Heap above 32GB virtual address.
# This output file may be truncated or incomplete.
#
#  Out of Memory Error (os_windows.cpp:3686), pid=18044, tid=1564
#
# JRE version:  (21.0.6+7) (build )
# Java VM: OpenJDK 64-Bit Server VM (21.0.6+7-LTS, mixed mode, sharing, tiered, compressed oops, compressed class ptrs, g1 gc, windows-amd64)
# No core dump will be written. Minidumps are not enabled by default on client versions of Windows
#

---------------  S U M M A R Y ------------

Command Line: -Dclassworlds.conf=C:\Users\gaelm\.vscode\extensions\oracle.oracle-java-25.0.1\nbcode\java\maven\bin\m2.conf -Dmaven.home=C:\Users\gaelm\.vscode\extensions\oracle.oracle-java-25.0.1\nbcode\java\maven -Dlibrary.jansi.path=C:\Users\gaelm\.vscode\extensions\oracle.oracle-java-25.0.1\nbcode\java\maven\lib\jansi-native -Dmaven.multiModuleProjectDirectory=C:\Users\gaelm\OneDrive\Documentos\AA_TESIS\H2ToGo\h2togo-routing org.codehaus.plexus.classworlds.launcher.Launcher -DskipTests=true -Dmaven.ext.class.path=C:\Users\gaelm\.vscode\extensions\oracle.oracle-java-25.0.1\nbcode\java\maven-nblib\netbeans-eventspy.jar --no-transfer-progress --fail-at-end install

Host: 11th Gen Intel(R) Core(TM) i5-1155G7 @ 2.50GHz, 8 cores, 15G,  Windows 11 , 64 bit Build 26100 (10.0.26100.7920)
Time: Tue Mar 10 21:27:09 2026 Hora estándar central (México) elapsed time: 2.029902 seconds (0d 0h 0m 2s)

---------------  T H R E A D  ---------------

Current thread (0x0000027d4b9614c0):  JavaThread "Unknown thread" [_thread_in_vm, id=1564, stack(0x000000d4c8800000,0x000000d4c8900000) (1024K)]

Stack: [0x000000d4c8800000,0x000000d4c8900000]
Native frames: (J=compiled Java code, j=interpreted, Vv=VM code, C=native code)
V  [jvm.dll+0x6da5e9]
V  [jvm.dll+0x8b6b73]
V  [jvm.dll+0x8b8ece]
V  [jvm.dll+0x8b95b3]
V  [jvm.dll+0x286256]
V  [jvm.dll+0x6d6ea5]
V  [jvm.dll+0x6cabba]
V  [jvm.dll+0x35f57b]
V  [jvm.dll+0x367146]
V  [jvm.dll+0x3b9416]
V  [jvm.dll+0x3b96e8]
V  [jvm.dll+0x332c6c]
V  [jvm.dll+0x33395b]
V  [jvm.dll+0x87ee59]
V  [jvm.dll+0x3c65d1]
V  [jvm.dll+0x868173]
V  [jvm.dll+0x45a4ee]
V  [jvm.dll+0x45c171]
C  [jli.dll+0x52ab]
C  [ucrtbase.dll+0x37b0]
C  [KERNEL32.DLL+0x2e8d7]
C  [ntdll.dll+0x8c48c]


---------------  P R O C E S S  ---------------

Threads class SMR info:
_java_thread_list=0x00007fff6e2aa088, length=0, elements={
}

Java Threads: ( => current thread )
Total: 0

Other Threads:
  0x0000027d4b9c51d0 WorkerThread "GC Thread#0"                     [id=21804, stack(0x000000d4c8900000,0x000000d4c8a00000) (1024K)]
  0x0000027d4b9d5d50 ConcurrentGCThread "G1 Main Marker"            [id=27576, stack(0x000000d4c8a00000,0x000000d4c8b00000) (1024K)]
  0x0000027d4b9d6760 WorkerThread "G1 Conc#0"                       [id=10828, stack(0x000000d4c8b00000,0x000000d4c8c00000) (1024K)]

[error occurred during error reporting (printing all threads), id 0xc0000005, EXCEPTION_ACCESS_VIOLATION (0xc0000005) at pc=0x00007fff6d9a5d27]
VM state: not at safepoint (not fully initialized)

VM Mutex/Monitor currently owned by a thread:  ([mutex/lock_event])
[0x00007fff6e31e420] Heap_lock - owner thread: 0x0000027d4b9614c0

Heap address: 0x0000000703600000, size: 4042 MB, Compressed Oops mode: Zero based, Oop shift amount: 3

CDS archive(s) mapped at: [0x0000000000000000-0x0000000000000000-0x0000000000000000), size 0, SharedBaseAddress: 0x0000000800000000, ArchiveRelocationMode: 1.
Narrow klass base: 0x0000000000000000, Narrow klass shift: 0, Narrow klass range: 0x0

GC Precious Log:
 CardTable entry size: 512
 Card Set container configuration: InlinePtr #cards 4 size 8 Array Of Cards #cards 16 size 48 Howl #buckets 8 coarsen threshold 3686 Howl Bitmap #cards 512 size 80 coarsen threshold 460 Card regions per heap region 1 cards per card region 4096

Heap:
 garbage-first heap   total 0K, used 0K [0x0000000703600000, 0x0000000800000000)
  region size 2048K, 0 young (0K), 0 survivors (0K)

[error occurred during error reporting (printing heap information), id 0xc0000005, EXCEPTION_ACCESS_VIOLATION (0xc0000005) at pc=0x00007fff6dd94059]
GC Heap History (0 events):
No events

Dll operation events (1 events):
Event: 0.007 Loaded shared library C:\Program Files\Amazon Corretto\jdk21.0.6_7\bin\java.dll

Deoptimization events (0 events):
No events

Classes loaded (0 events):
No events

Classes unloaded (0 events):
No events

Classes redefined (0 events):
No events

Internal exceptions (0 events):
No events

ZGC Phase Switch (0 events):
No events

VM Operations (0 events):
No events

Memory protections (0 events):
No events

Nmethod flushes (0 events):
No events

Events (0 events):
No events


Dynamic libraries:
0x00007ff703ce0000 - 0x00007ff703cee000 	C:\Program Files\Amazon Corretto\jdk21.0.6_7\bin\java.exe
0x00007ff86eb80000 - 0x00007ff86ede7000 	C:\WINDOWS\SYSTEM32\ntdll.dll
0x00007ff86d7a0000 - 0x00007ff86d869000 	C:\WINDOWS\System32\KERNEL32.DLL
0x00007ff86b710000 - 0x00007ff86bb01000 	C:\WINDOWS\System32\KERNELBASE.dll
0x00007ff86be00000 - 0x00007ff86bf4b000 	C:\WINDOWS\System32\ucrtbase.dll
0x00007ff849de0000 - 0x00007ff849df8000 	C:\Program Files\Amazon Corretto\jdk21.0.6_7\bin\jli.dll
0x00007ff84c260000 - 0x00007ff84c27b000 	C:\Program Files\Amazon Corretto\jdk21.0.6_7\bin\VCRUNTIME140.dll
0x00007ff86c9c0000 - 0x00007ff86cb85000 	C:\WINDOWS\System32\USER32.dll
0x00007ff86c080000 - 0x00007ff86c0a7000 	C:\WINDOWS\System32\win32u.dll
0x00007ff84f890000 - 0x00007ff84fb23000 	C:\WINDOWS\WinSxS\amd64_microsoft.windows.common-controls_6595b64144ccf1df_6.0.26100.7922_none_3e089e1ee3342171\COMCTL32.dll
0x00007ff86d630000 - 0x00007ff86d65b000 	C:\WINDOWS\System32\GDI32.dll
0x00007ff86d400000 - 0x00007ff86d4a9000 	C:\WINDOWS\System32\msvcrt.dll
0x00007ff86bf50000 - 0x00007ff86c07a000 	C:\WINDOWS\System32\gdi32full.dll
0x00007ff86b660000 - 0x00007ff86b703000 	C:\WINDOWS\System32\msvcp_win.dll
0x00007ff86d660000 - 0x00007ff86d691000 	C:\WINDOWS\System32\IMM32.DLL
0x00007ff866b80000 - 0x00007ff866b8c000 	C:\Program Files\Amazon Corretto\jdk21.0.6_7\bin\vcruntime140_1.dll
0x00007ff849b40000 - 0x00007ff849bcd000 	C:\Program Files\Amazon Corretto\jdk21.0.6_7\bin\msvcp140.dll
0x00007fff6d660000 - 0x00007fff6e3ff000 	C:\Program Files\Amazon Corretto\jdk21.0.6_7\bin\server\jvm.dll
0x00007ff86d4b0000 - 0x00007ff86d56b000 	C:\WINDOWS\System32\ADVAPI32.dll
0x00007ff86d580000 - 0x00007ff86d627000 	C:\WINDOWS\System32\sechost.dll
0x00007ff86e400000 - 0x00007ff86e518000 	C:\WINDOWS\System32\RPCRT4.dll
0x00007ff86cf80000 - 0x00007ff86cff4000 	C:\WINDOWS\System32\WS2_32.dll
0x00007ff86b2e0000 - 0x00007ff86b33e000 	C:\WINDOWS\SYSTEM32\POWRPROF.dll
0x00007ff8526c0000 - 0x00007ff8526f5000 	C:\WINDOWS\SYSTEM32\WINMM.dll
0x00007ff862400000 - 0x00007ff86240b000 	C:\WINDOWS\SYSTEM32\VERSION.dll
0x00007ff86b2c0000 - 0x00007ff86b2d4000 	C:\WINDOWS\SYSTEM32\UMPDC.dll
0x00007ff86a1f0000 - 0x00007ff86a20b000 	C:\WINDOWS\SYSTEM32\kernel.appcore.dll
0x00007ff8661e0000 - 0x00007ff8661ea000 	C:\Program Files\Amazon Corretto\jdk21.0.6_7\bin\jimage.dll
0x00007ff85a0b0000 - 0x00007ff85a2f2000 	C:\WINDOWS\SYSTEM32\DBGHELP.DLL
0x00007ff86e070000 - 0x00007ff86e3f2000 	C:\WINDOWS\System32\combase.dll
0x00007ff86d320000 - 0x00007ff86d3f7000 	C:\WINDOWS\System32\OLEAUT32.dll
0x00007ff854d50000 - 0x00007ff854d8b000 	C:\WINDOWS\SYSTEM32\dbgcore.DLL
0x00007ff86b4f0000 - 0x00007ff86b595000 	C:\WINDOWS\System32\bcryptPrimitives.dll
0x00007ff84c240000 - 0x00007ff84c25f000 	C:\Program Files\Amazon Corretto\jdk21.0.6_7\bin\java.dll

dbghelp: loaded successfully - version: 4.0.5 - missing functions: none
symbol engine: initialized successfully - sym options: 0x614 - pdb path: .;C:\Program Files\Amazon Corretto\jdk21.0.6_7\bin;C:\WINDOWS\SYSTEM32;C:\WINDOWS\WinSxS\amd64_microsoft.windows.common-controls_6595b64144ccf1df_6.0.26100.7922_none_3e089e1ee3342171;C:\Program Files\Amazon Corretto\jdk21.0.6_7\bin\server

VM Arguments:
jvm_args: -Dclassworlds.conf=C:\Users\gaelm\.vscode\extensions\oracle.oracle-java-25.0.1\nbcode\java\maven\bin\m2.conf -Dmaven.home=C:\Users\gaelm\.vscode\extensions\oracle.oracle-java-25.0.1\nbcode\java\maven -Dlibrary.jansi.path=C:\Users\gaelm\.vscode\extensions\oracle.oracle-java-25.0.1\nbcode\java\maven\lib\jansi-native -Dmaven.multiModuleProjectDirectory=C:\Users\gaelm\OneDrive\Documentos\AA_TESIS\H2ToGo\h2togo-routing 
java_command: org.codehaus.plexus.classworlds.launcher.Launcher -DskipTests=true -Dmaven.ext.class.path=C:\Users\gaelm\.vscode\extensions\oracle.oracle-java-25.0.1\nbcode\java\maven-nblib\netbeans-eventspy.jar --no-transfer-progress --fail-at-end install
java_class_path (initial): C:\Users\gaelm\.vscode\extensions\oracle.oracle-java-25.0.1\nbcode\java\maven\boot\plexus-classworlds-2.9.0.jar
Launcher Type: SUN_STANDARD

[Global flags]
     intx CICompilerCount                          = 4                                         {product} {ergonomic}
     uint ConcGCThreads                            = 2                                         {product} {ergonomic}
     uint G1ConcRefinementThreads                  = 8                                         {product} {ergonomic}
   size_t G1HeapRegionSize                         = 2097152                                   {product} {ergonomic}
    uintx GCDrainStackTargetSize                   = 64                                        {product} {ergonomic}
   size_t InitialHeapSize                          = 266338304                                 {product} {ergonomic}
   size_t MarkStackSize                            = 4194304                                   {product} {ergonomic}
   size_t MaxHeapSize                              = 4238344192                                {product} {ergonomic}
   size_t MinHeapDeltaBytes                        = 2097152                                   {product} {ergonomic}
   size_t MinHeapSize                              = 8388608                                   {product} {ergonomic}
    uintx NonNMethodCodeHeapSize                   = 5839372                                {pd product} {ergonomic}
    uintx NonProfiledCodeHeapSize                  = 122909434                              {pd product} {ergonomic}
    uintx ProfiledCodeHeapSize                     = 122909434                              {pd product} {ergonomic}
    uintx ReservedCodeCacheSize                    = 251658240                              {pd product} {ergonomic}
     bool SegmentedCodeCache                       = true                                      {product} {ergonomic}
   size_t SoftMaxHeapSize                          = 4238344192                             {manageable} {ergonomic}
     bool UseCompressedOops                        = true                           {product lp64_product} {ergonomic}
     bool UseG1GC                                  = true                                      {product} {ergonomic}
     bool UseLargePagesIndividualAllocation        = false                                  {pd product} {ergonomic}

Logging:
Log output configuration:
 #0: stdout all=warning uptime,level,tags foldmultilines=false
 #1: stderr all=off uptime,level,tags foldmultilines=false

Environment Variables:
JAVA_HOME=C:\Program Files\Amazon Corretto\jdk21.0.6_7
PATH=C:\Program Files (x86)\Common Files\Oracle\Java\java8path;C:\Program Files (x86)\Common Files\Oracle\Java\javapath;C:\Program Files (x86)\VMware\VMware Workstation\bin\;C:\Program Files\Amazon Corretto\jdk21.0.6_7\bin;C:\Program Files\Amazon Corretto\jdk17.0.14_7\bin;C:\Python312\Scripts\;C:\Python312\;C:\Windows\System32\HWAudioDriverLibs;C:\Windows\system32;C:\Windows;C:\Windows\System32\Wbem;C:\Windows\System32\WindowsPowerShell\v1.0\;C:\Windows\System32\OpenSSH\;C:\Users\Administrator\AppData\Local\Microsoft\WindowsApps;C:\Program Files\Microsoft SQL Server\150\Tools\Binn\;C:\Program Files\Microsoft SQL Server\Client SDK\ODBC\170\Tools\Binn\;C:\Program Files\dotnet\;C:\Program Files (x86)\Windows Kits\10\Windows Performance Toolkit\;C:\ProgramData\chocolatey\bin;C:\Program Files\nodejs\;C:\Program Files\Git\cmd;C:\WINDOWS\system32;C:\WINDOWS;C:\WINDOWS\System32\Wbem;C:\WINDOWS\System32\WindowsPowerShell\v1.0\;C:\WINDOWS\System32\OpenSSH\;C:\Program Files (x86)\Microsoft SQL Server\160\Tools\Binn\;C:\Program Files\Microsoft SQL Server\160\Tools\Binn\;C:\Program Files\Microsoft SQL Server\160\DTS\Binn\;C:\Program Files (x86)\Microsoft SQL Server\160\DTS\Binn\;C:\Program Files\Apache\Maven\apache-maven-3.9.9\bin;C:\Program Files\Docker\Docker\resources\bin;C:\Program Files\Apache\Maven\apache-maven-3.9.9\bin;C:\Program Files (x86)\ZeroTier\One\;C:\Program Files\PostgreSQL\18\bin;C:\Program Files\MySQL\MySQL Shell 8.0\bin\;C:\Users\gaelm\AppData\Local\Programs\Python\Python313\Scripts\;C:\Users\gaelm\AppData\Local\Programs\Python\Python313\;C:\Users\gaelm\AppData\Local\Microsoft\WindowsApps;C:\Users\gaelm\AppData\Local\Programs\Microsoft VS Code\bin;C:\Users\gaelm\.dotnet\tools;C:\Users\gaelm\AppData\Roaming\npm;C:\Users\gaelm\AppData\Local\GitHubDesktop\bin;C:\Program Files\JetBrains\PyCharm Community Edition 2024.3.3\bin;;c:\altera\12.1\modelsim_ase\win32aloem
USERNAME=gaelm
OS=Windows_NT
PROCESSOR_IDENTIFIER=Intel64 Family 6 Model 140 Stepping 2, GenuineIntel
TMP=C:\Users\gaelm\AppData\Local\Temp
TEMP=C:\Users\gaelm\AppData\Local\Temp




Periodic native trim disabled

---------------  S Y S T E M  ---------------

OS:
 Windows 11 , 64 bit Build 26100 (10.0.26100.7920)
OS uptime: 0 days 11:11 hours
Hyper-V role detected

CPU: total 8 (initial active 8) (4 cores per cpu, 2 threads per core) family 6 model 140 stepping 2 microcode 0x16, cx8, cmov, fxsr, ht, mmx, 3dnowpref, sse, sse2, sse3, ssse3, sse4.1, sse4.2, popcnt, lzcnt, tsc, tscinvbit, avx, avx2, aes, erms, clmul, bmi1, bmi2, adx, avx512f, avx512dq, avx512cd, avx512bw, avx512vl, sha, fma, vzeroupper, avx512_vpopcntdq, avx512_vpclmulqdq, avx512_vaes, avx512_vnni, clflush, clflushopt, clwb, avx512_vbmi2, avx512_vbmi, hv, rdtscp, rdpid, fsrm, gfni, avx512_bitalg, f16c, cet_ibt, cet_ss, avx512_ifma
Processor Information for processor 0
  Max Mhz: 2496, Current Mhz: 998, Mhz Limit: 2496
Processor Information for processor 1
  Max Mhz: 2496, Current Mhz: 998, Mhz Limit: 2496
Processor Information for processor 2
  Max Mhz: 2496, Current Mhz: 2496, Mhz Limit: 2496
Processor Information for processor 3
  Max Mhz: 2496, Current Mhz: 998, Mhz Limit: 2496
Processor Information for processor 4
  Max Mhz: 2496, Current Mhz: 998, Mhz Limit: 2496
Processor Information for processor 5
  Max Mhz: 2496, Current Mhz: 998, Mhz Limit: 2496
Processor Information for processor 6
  Max Mhz: 2496, Current Mhz: 998, Mhz Limit: 2496
Processor Information for processor 7
  Max Mhz: 2496, Current Mhz: 998, Mhz Limit: 2496

Memory: 4k page, system-wide physical 16167M (5144M free)
TotalPageFile size 16167M (AvailPageFile size 165M)
current process WorkingSet (physical memory assigned to process): 12M, peak: 12M
current process commit charge ("private bytes"): 60M, peak: 314M

vm_info: OpenJDK 64-Bit Server VM (21.0.6+7-LTS) for windows-amd64 JRE (21.0.6+7-LTS), built on 2025-01-07T23:42:01Z by "Administrator" with MS VC++ 16.10 / 16.11 (VS2019)

END.
